<?xml version="1.0" encoding="utf-8"?><testsuites name="pytest tests"><testsuite name="pytest" errors="0" failures="0" skipped="0" tests="28" time="45.008" timestamp="2026-05-21T18:34:32.080222+00:00" hostname="agent-env-c1330df6-31b8-4fd6-a4d1-591a2fa11353"><testcase classname="backend.tests.backend_test.TestGreeting" name="test_greeting" time="0.504" /><testcase classname="backend.tests.backend_test.TestChat" name="test_chat_empty_400" time="0.074" /><testcase classname="backend.tests.backend_test.TestChat" name="test_chat_modes[send]" time="1.953" /><testcase classname="backend.tests.backend_test.TestChat" name="test_chat_modes[hard_truth]" time="3.945" /><testcase classname="backend.tests.backend_test.TestChat" name="test_chat_modes[ground_me]" time="7.671" /><testcase classname="backend.tests.backend_test.TestChat" name="test_chat_modes[organize]" time="8.130" /><testcase classname="backend.tests.backend_test.TestChat" name="test_chat_ground_me_tone_constitution" time="17.388" /><testcase classname="backend.tests.backend_test.TestChat" name="test_chat_recent" time="0.078" /><testcase classname="backend.tests.backend_test.TestChat" name="test_chat_history" time="0.078" /><testcase classname="backend.tests.backend_test.TestChat" name="test_chat_clear" time="0.155" /><testcase classname="backend.tests.backend_test.TestBrainDump" name="test_braindump_backward_compat_text_only" time="0.160" /><testcase classname="backend.tests.backend_test.TestBrainDump" name="test_braindump_new_fields_roundtrip" time="0.223" /><testcase classname="backend.tests.backend_test.TestTraining" name="test_template" time="0.075" /><testcase classname="backend.tests.backend_test.TestTraining" name="test_training_backward_compat_create_list_delete[payload0]" time="0.225" /><testcase classname="backend.tests.backend_test.TestTraining" name="test_training_backward_compat_create_list_delete[payload1]" time="0.224" /><testcase classname="backend.tests.backend_test.TestTraining" name="test_training_backward_compat_create_list_delete[payload2]" time="0.224" /><testcase classname="backend.tests.backend_test.TestTraining" name="test_training_new_fields_roundtrip" time="0.222" /><testcase classname="backend.tests.backend_test.TestBudget" name="test_budget_crud_and_aggregates" time="0.297" /><testcase classname="backend.tests.backend_test.TestBudget" name="test_budget_empty_item_400" time="0.072" /><testcase classname="backend.tests.backend_test.TestMeal" name="test_meal_crud" time="0.312" /><testcase classname="backend.tests.backend_test.TestMeal" name="test_meal_empty_400" time="0.069" /><testcase classname="backend.tests.backend_test.TestPatterns" name="test_patterns_baseline" time="0.081" /><testcase classname="backend.tests.backend_test.TestPatterns" name="test_patterns_themes_with_work_tag" time="0.525" /><testcase classname="backend.tests.backend_test.TestPatterns" name="test_patterns_mood_drift" time="1.007" /><testcase classname="backend.tests.backend_test.TestPatterns" name="test_patterns_money_regret" time="0.540" /><testcase classname="backend.tests.backend_test.TestCalendar" name="test_status_keys" time="0.073" /><testcase classname="backend.tests.backend_test.TestCalendar" name="test_oauth_login" time="0.076" /><testcase classname="backend.tests.backend_test.TestCalendar" name="test_calendar_today_no_error" time="0.358" /></testsuite></testsuites>