<?xml version="1.0" encoding="utf-8"?><testsuites name="pytest tests"><testsuite name="pytest" errors="0" failures="0" skipped="0" tests="33" time="61.923" timestamp="2026-05-21T18:45:27.236219+00:00" hostname="agent-env-c1330df6-31b8-4fd6-a4d1-591a2fa11353"><testcase classname="backend.tests.backend_test.TestGreeting" name="test_greeting" time="0.498" /><testcase classname="backend.tests.backend_test.TestChat" name="test_chat_empty_400" time="0.075" /><testcase classname="backend.tests.backend_test.TestChat" name="test_chat_modes[send]" time="2.098" /><testcase classname="backend.tests.backend_test.TestChat" name="test_chat_modes[hard_truth]" time="3.567" /><testcase classname="backend.tests.backend_test.TestChat" name="test_chat_modes[ground_me]" time="6.111" /><testcase classname="backend.tests.backend_test.TestChat" name="test_chat_modes[organize]" time="10.939" /><testcase classname="backend.tests.backend_test.TestChat" name="test_chat_ground_me_tone_constitution" time="11.050" /><testcase classname="backend.tests.backend_test.TestChat" name="test_chat_recent" time="0.089" /><testcase classname="backend.tests.backend_test.TestChat" name="test_chat_history" time="0.086" /><testcase classname="backend.tests.backend_test.TestChat" name="test_chat_clear" time="0.164" /><testcase classname="backend.tests.backend_test.TestBrainDump" name="test_braindump_backward_compat_text_only" time="0.170" /><testcase classname="backend.tests.backend_test.TestBrainDump" name="test_braindump_new_fields_roundtrip" time="0.261" /><testcase classname="backend.tests.backend_test.TestTraining" name="test_template" time="0.087" /><testcase classname="backend.tests.backend_test.TestTraining" name="test_training_backward_compat_create_list_delete[payload0]" time="0.254" /><testcase classname="backend.tests.backend_test.TestTraining" name="test_training_backward_compat_create_list_delete[payload1]" time="0.271" /><testcase classname="backend.tests.backend_test.TestTraining" name="test_training_backward_compat_create_list_delete[payload2]" time="0.237" /><testcase classname="backend.tests.backend_test.TestTraining" name="test_training_new_fields_roundtrip" time="0.244" /><testcase classname="backend.tests.backend_test.TestBudget" name="test_budget_crud_and_aggregates" time="0.342" /><testcase classname="backend.tests.backend_test.TestBudget" name="test_budget_empty_item_400" time="0.082" /><testcase classname="backend.tests.backend_test.TestMeal" name="test_meal_crud" time="0.326" /><testcase classname="backend.tests.backend_test.TestMeal" name="test_meal_empty_400" time="0.076" /><testcase classname="backend.tests.backend_test.TestPatterns" name="test_patterns_baseline" time="0.098" /><testcase classname="backend.tests.backend_test.TestPatterns" name="test_patterns_themes_with_work_tag" time="0.577" /><testcase classname="backend.tests.backend_test.TestPatterns" name="test_patterns_mood_drift" time="1.058" /><testcase classname="backend.tests.backend_test.TestPatterns" name="test_patterns_money_regret" time="0.592" /><testcase classname="backend.tests.backend_test.TestDataAwareChat" name="test_chat_with_training_keyword_pulls_context" time="4.878" /><testcase classname="backend.tests.backend_test.TestDataAwareChat" name="test_chat_without_data_keywords_still_works" time="5.095" /><testcase classname="backend.tests.backend_test.TestLetter" name="test_letter_current_generates_and_caches" time="0.168" /><testcase classname="backend.tests.backend_test.TestLetter" name="test_letter_force_regenerates" time="11.267" /><testcase classname="backend.tests.backend_test.TestLetter" name="test_letter_archive" time="0.256" /><testcase classname="backend.tests.backend_test.TestCalendar" name="test_status_keys" time="0.085" /><testcase classname="backend.tests.backend_test.TestCalendar" name="test_oauth_login" time="0.079" /><testcase classname="backend.tests.backend_test.TestCalendar" name="test_calendar_today_no_error" time="0.408" /></testsuite></testsuites>